<?xml version="1.0" encoding="UTF-8"?>
<!-- Generated by org.testng.reporters.JUnitReportReporter -->
<testsuite hostname="Sandeep" failures="0" tests="1" name="driverFactory.AppTest" time="26.979" errors="0" timestamp="2024-03-19T12:07:00 IST" skipped="0">
  <testcase classname="driverFactory.AppTest" name="AddEmpTest" time="26.979">
    <system-out>
      <![CDATA[No of Rows7]]>
    </system-out>
  </testcase> <!-- AddEmpTest -->
  <system-out>
    <![CDATA[No of Rows7]]>
  </system-out>
</testsuite> <!-- driverFactory.AppTest -->
