<?xml version="1.0" encoding="UTF-8"?>
<!-- Generated by org.testng.reporters.JUnitReportReporter -->
<testsuite hostname="Sandeep" failures="0" tests="1" name="driverFactory.AddEmployee_Test" time="30.246" errors="0" timestamp="2024-03-19T00:32:13 IST" skipped="0">
  <testcase classname="driverFactory.AddEmployee_Test" name="AddEmpTest" time="30.246"/>
  <system-out>
    <![CDATA[No of Rows7]]>
  </system-out>
</testsuite> <!-- driverFactory.AddEmployee_Test -->
